INFO [2024-12-31 10:11:26] $x
INFO [2024-12-31 10:11:26] de_list
INFO [2024-12-31 10:11:26] 
INFO [2024-12-31 10:11:26] $category.names
INFO [2024-12-31 10:11:26] names(de_list)
INFO [2024-12-31 10:11:26] 
INFO [2024-12-31 10:11:26] $output
INFO [2024-12-31 10:11:26] [1] TRUE
INFO [2024-12-31 10:11:26] 
INFO [2024-12-31 10:11:26] $filename
INFO [2024-12-31 10:11:26] NULL
INFO [2024-12-31 10:11:26] 
INFO [2024-12-31 10:11:26] $col
INFO [2024-12-31 10:11:26] c("#440154ff", "#21908dff", "#fde725ff")
INFO [2024-12-31 10:11:26] 
INFO [2024-12-31 10:11:26] $fill
INFO [2024-12-31 10:11:26] c(alpha("#440154ff", 0.3), alpha("#21908dff", 0.3), alpha("#fde725ff", 
INFO [2024-12-31 10:11:26]     0.3))
INFO [2024-12-31 10:11:26] 
INFO [2024-12-31 10:11:26] [[7]]
INFO [2024-12-31 10:11:26] 
INFO [2024-12-31 10:11:26] 
